<?xml version="1.0" encoding="UTF-8" ?>
<testsuite errors="0" failures="0" hostname="phylmol-145" name="test.beast.core.BEASTInterfaceTest" skipped="0" tests="2" time="0.046" timestamp="2018-04-09T13:18:17">
  <properties>
[...]
</properties>
  <testcase classname="test.beast.core.BEASTInterfaceTest" name="testBEASTi" time="0.017" />
  <testcase classname="test.beast.core.BEASTInterfaceTest" name="testInputType" time="0.001" />
  <system-out><![CDATA[]]></system-out>
  <system-err><![CDATA[test getCitation
test initByName
test listInputs
test initByName
test getInputValue
test getOutputs
OK
]]></system-err>
</testsuite>
